SetName,Distribution,ThreadNumber,OPS,Time,Discrepancy
Default,Uniform,1,1:1:8,45436803,-1
Default,Uniform,1,1:1:8,47251179,-1
Default,Uniform,1,1:1:8,45987736,-1
Default,Uniform,1,1:1:8,46252588,-1
Default,Uniform,1,1:1:8,45926470,-1
Locked,Uniform,1,1:1:8,54903009,0
Locked,Uniform,1,1:1:8,54087775,0
Locked,Uniform,1,1:1:8,54487021,0
Locked,Uniform,1,1:1:8,57422830,0
Locked,Uniform,1,1:1:8,53567009,0
Default,Uniform,1,1:1:0,78021307,-1
Default,Uniform,1,1:1:0,76371754,-1
Default,Uniform,1,1:1:0,80964240,-1
Default,Uniform,1,1:1:0,80620559,-1
Default,Uniform,1,1:1:0,77978236,-1
Locked,Uniform,1,1:1:0,95460460,0
Locked,Uniform,1,1:1:0,88187669,0
Locked,Uniform,1,1:1:0,89995031,0
Locked,Uniform,1,1:1:0,94300554,0
Locked,Uniform,1,1:1:0,96007767,0
Default,Normal,1,1:1:8,60904253,-1
Default,Normal,1,1:1:8,59964192,-1
Default,Normal,1,1:1:8,65203845,-1
Default,Normal,1,1:1:8,58425048,-1
Default,Normal,1,1:1:8,59338527,-1
Locked,Normal,1,1:1:8,68565259,0
Locked,Normal,1,1:1:8,66398477,0
Locked,Normal,1,1:1:8,71873224,0
Locked,Normal,1,1:1:8,71403935,0
Locked,Normal,1,1:1:8,88698525,0
Default,Normal,1,1:1:0,75139319,-1
Default,Normal,1,1:1:0,74915475,-1
Default,Normal,1,1:1:0,79647306,-1
Default,Normal,1,1:1:0,76696196,-1
Default,Normal,1,1:1:0,75936458,-1
Locked,Normal,1,1:1:0,98423481,0
Locked,Normal,1,1:1:0,84362023,0
Locked,Normal,1,1:1:0,89318238,0
Locked,Normal,1,1:1:0,88478899,0
Locked,Normal,1,1:1:0,88991540,0
Default,Uniform,2,1:1:8,58871212,-1
Default,Uniform,2,1:1:8,58638140,-1
Default,Uniform,2,1:1:8,61114860,-1
Default,Uniform,2,1:1:8,62621293,-1
Default,Uniform,2,1:1:8,59921751,-1
Locked,Uniform,2,1:1:8,389572083,0
Locked,Uniform,2,1:1:8,387427511,0
Locked,Uniform,2,1:1:8,347869492,0
Locked,Uniform,2,1:1:8,396326461,0
Locked,Uniform,2,1:1:8,377420279,0
Default,Uniform,2,1:1:0,84081940,-1
Default,Uniform,2,1:1:0,83081266,-1
Default,Uniform,2,1:1:0,86469912,-1
Default,Uniform,2,1:1:0,85241346,-1
Default,Uniform,2,1:1:0,88336798,-1
Locked,Uniform,2,1:1:0,532833089,0
Locked,Uniform,2,1:1:0,541887373,0
Locked,Uniform,2,1:1:0,547238224,0
Locked,Uniform,2,1:1:0,531315752,0
Locked,Uniform,2,1:1:0,519874224,0
Default,Normal,2,1:1:8,64138584,-1
Default,Normal,2,1:1:8,59472057,-1
Default,Normal,2,1:1:8,62002058,-1
Default,Normal,2,1:1:8,73967336,-1
Default,Normal,2,1:1:8,64554512,-1
Locked,Normal,2,1:1:8,449263681,0
Locked,Normal,2,1:1:8,428274173,0
Locked,Normal,2,1:1:8,440638907,0
Locked,Normal,2,1:1:8,428286124,0
Locked,Normal,2,1:1:8,440696584,0
Default,Normal,2,1:1:0,85274255,-1
Default,Normal,2,1:1:0,83437056,-1
Default,Normal,2,1:1:0,87157661,-1
Default,Normal,2,1:1:0,86719001,-1
Default,Normal,2,1:1:0,87170846,-1
Locked,Normal,2,1:1:0,537715424,0
Locked,Normal,2,1:1:0,549009087,0
Locked,Normal,2,1:1:0,516328112,0
Locked,Normal,2,1:1:0,524128071,0
Locked,Normal,2,1:1:0,531641066,0
Default,Uniform,4,1:1:8,68028478,-1
Default,Uniform,4,1:1:8,67941192,-1
Default,Uniform,4,1:1:8,68418786,-1
Default,Uniform,4,1:1:8,68297818,-1
Default,Uniform,4,1:1:8,68253945,-1
Locked,Uniform,4,1:1:8,501055093,0
Locked,Uniform,4,1:1:8,510324284,0
Locked,Uniform,4,1:1:8,503014551,0
Locked,Uniform,4,1:1:8,481386907,0
Locked,Uniform,4,1:1:8,504636610,0
Default,Uniform,4,1:1:0,90033303,-1
Default,Uniform,4,1:1:0,89577731,-1
Default,Uniform,4,1:1:0,90924030,-1
Default,Uniform,4,1:1:0,92085620,-1
Default,Uniform,4,1:1:0,92239891,-1
Locked,Uniform,4,1:1:0,694595309,0
Locked,Uniform,4,1:1:0,690322215,0
Locked,Uniform,4,1:1:0,653032073,0
Locked,Uniform,4,1:1:0,677729227,0
Locked,Uniform,4,1:1:0,642641886,0
Default,Normal,4,1:1:8,68108977,-1
Default,Normal,4,1:1:8,70154299,-1
Default,Normal,4,1:1:8,67160741,-1
Default,Normal,4,1:1:8,68303024,-1
Default,Normal,4,1:1:8,68720605,-1
Locked,Normal,4,1:1:8,489463221,0
Locked,Normal,4,1:1:8,491043162,0
Locked,Normal,4,1:1:8,507595482,0
Locked,Normal,4,1:1:8,477062086,0
Locked,Normal,4,1:1:8,489063580,0
Default,Normal,4,1:1:0,93618799,-1
Default,Normal,4,1:1:0,90487550,-1
Default,Normal,4,1:1:0,90543505,-1
Default,Normal,4,1:1:0,93150321,-1
Default,Normal,4,1:1:0,87812324,-1
Locked,Normal,4,1:1:0,638878248,0
Locked,Normal,4,1:1:0,656058337,0
Locked,Normal,4,1:1:0,633422514,0
Locked,Normal,4,1:1:0,629184478,0
Locked,Normal,4,1:1:0,695417087,0
Default,Uniform,8,1:1:8,118436699,-1
Default,Uniform,8,1:1:8,82103362,-1
Default,Uniform,8,1:1:8,82341202,-1
Default,Uniform,8,1:1:8,84179373,-1
Default,Uniform,8,1:1:8,82307409,-1
Locked,Uniform,8,1:1:8,1093601392,0
Locked,Uniform,8,1:1:8,1092659444,0
Locked,Uniform,8,1:1:8,1037856452,0
Locked,Uniform,8,1:1:8,1063455619,0
Locked,Uniform,8,1:1:8,1093433766,0
Default,Uniform,8,1:1:0,110995304,-1
Default,Uniform,8,1:1:0,110520294,-1
Default,Uniform,8,1:1:0,109568733,-1
Default,Uniform,8,1:1:0,109677459,-1
Default,Uniform,8,1:1:0,109843623,-1
Locked,Uniform,8,1:1:0,1379955999,0
Locked,Uniform,8,1:1:0,1358623099,0
Locked,Uniform,8,1:1:0,1385248215,0
Locked,Uniform,8,1:1:0,1434973558,0
Locked,Uniform,8,1:1:0,1342863107,0
Default,Normal,8,1:1:8,87499001,-1
Default,Normal,8,1:1:8,83006655,-1
Default,Normal,8,1:1:8,82968552,-1
Default,Normal,8,1:1:8,83176907,-1
Default,Normal,8,1:1:8,84466629,-1
Locked,Normal,8,1:1:8,1049817081,0
Locked,Normal,8,1:1:8,1056729254,0
Locked,Normal,8,1:1:8,985125237,0
Locked,Normal,8,1:1:8,1024472752,0
Locked,Normal,8,1:1:8,1076170501,0
Default,Normal,8,1:1:0,113669478,-1
Default,Normal,8,1:1:0,113640974,-1
Default,Normal,8,1:1:0,109044632,-1
Default,Normal,8,1:1:0,119265333,-1
Default,Normal,8,1:1:0,112141305,-1
Locked,Normal,8,1:1:0,1323734190,0
Locked,Normal,8,1:1:0,1333202150,0
Locked,Normal,8,1:1:0,1335338518,0
Locked,Normal,8,1:1:0,1399208368,0
Locked,Normal,8,1:1:0,1290739814,0
